<?xml version="1.0" encoding="UTF-8"?>
<!-- Generated by org.testng.reporters.JUnitXMLReporter -->
<testsuite ignored="0" hostname="DESKTOP-0IR92JT" failures="0" tests="2" name="User Name Test" time="7.87" errors="0" timestamp="2023-01-14T08:01:48 EST">
  <testcase classname="com.amazon_SigninTest.SigninTest_Three" name="invaPasswordTest" time="1.122"/>
  <testcase classname="com.amazon_SigninTest.SigninTest_Three" name="invalidmobileNoOremaiTest" time="1.554"/>
</testsuite> <!-- User Name Test -->
