<?xml version="1.0" encoding="UTF-8"?>
<!-- Generated by org.testng.reporters.JUnitXMLReporter -->
<testsuite ignored="0" hostname="DESKTOP-0IR92JT" failures="0" tests="2" name="SigninTest_Three" time="8.512" errors="0" timestamp="2023-01-13T13:33:01 EST">
  <testcase classname="com.amazon_SigninTest.SigninTest_Three" name="invaPasswordTest" time="0.958"/>
  <testcase classname="com.amazon_SigninTest.SigninTest_Three" name="invalidmobileNoOremaiTest" time="1.498"/>
</testsuite> <!-- SigninTest_Three -->
