<?xml version="1.0" encoding="UTF-8"?>
<testng-results ignored="0" total="2" passed="2" failed="0" skipped="0">
  <reporter-output>
  </reporter-output>
  <suite started-at="2023-01-23T15:43:13 EST" name="Default suite" finished-at="2023-01-23T15:43:24 EST" duration-ms="11324">
    <groups>
    </groups>
    <test started-at="2023-01-23T15:43:13 EST" name="Default test" finished-at="2023-01-23T15:43:24 EST" duration-ms="11324">
      <class name="com.amazon_SigninTest.SigninTest_Two">
        <test-method is-config="true" signature="testStarted()[pri:0, instance:com.amazon_SigninTest.SigninTest_Two@5656be13]" started-at="2023-01-23T15:43:13 EST" name="testStarted" finished-at="2023-01-23T15:43:13 EST" duration-ms="10" status="PASS">
          <reporter-output>
          </reporter-output>
        </test-method> <!-- testStarted -->
        <test-method is-config="true" signature="openApplication()[pri:0, instance:com.amazon_SigninTest.SigninTest_Two@5656be13]" started-at="2023-01-23T15:43:13 EST" name="openApplication" finished-at="2023-01-23T15:43:17 EST" duration-ms="3522" status="PASS">
          <reporter-output>
          </reporter-output>
        </test-method> <!-- openApplication -->
        <test-method signature="validSigninTest()[pri:1, instance:com.amazon_SigninTest.SigninTest_Two@5656be13]" started-at="2023-01-23T15:43:17 EST" name="validSigninTest" finished-at="2023-01-23T15:43:20 EST" duration-ms="3454" status="PASS">
          <reporter-output>
          </reporter-output>
        </test-method> <!-- validSigninTest -->
        <test-method is-config="true" signature="closeApp()[pri:0, instance:com.amazon_SigninTest.SigninTest_Two@5656be13]" started-at="2023-01-23T15:43:20 EST" name="closeApp" finished-at="2023-01-23T15:43:20 EST" duration-ms="128" status="PASS">
          <reporter-output>
          </reporter-output>
        </test-method> <!-- closeApp -->
        <test-method is-config="true" signature="openApplication()[pri:0, instance:com.amazon_SigninTest.SigninTest_Two@5656be13]" started-at="2023-01-23T15:43:20 EST" name="openApplication" finished-at="2023-01-23T15:43:23 EST" duration-ms="2410" status="PASS">
          <reporter-output>
          </reporter-output>
        </test-method> <!-- openApplication -->
        <test-method signature="invalidSigninTest()[pri:2, instance:com.amazon_SigninTest.SigninTest_Two@5656be13]" started-at="2023-01-23T15:43:23 EST" name="invalidSigninTest" finished-at="2023-01-23T15:43:24 EST" duration-ms="1632" status="PASS">
          <reporter-output>
          </reporter-output>
        </test-method> <!-- invalidSigninTest -->
        <test-method is-config="true" signature="closeApp()[pri:0, instance:com.amazon_SigninTest.SigninTest_Two@5656be13]" started-at="2023-01-23T15:43:24 EST" name="closeApp" finished-at="2023-01-23T15:43:24 EST" duration-ms="126" status="PASS">
          <reporter-output>
          </reporter-output>
        </test-method> <!-- closeApp -->
        <test-method is-config="true" signature="testFinished()[pri:0, instance:com.amazon_SigninTest.SigninTest_Two@5656be13]" started-at="2023-01-23T15:43:24 EST" name="testFinished" finished-at="2023-01-23T15:43:24 EST" duration-ms="1" status="PASS">
          <reporter-output>
          </reporter-output>
        </test-method> <!-- testFinished -->
      </class> <!-- com.amazon_SigninTest.SigninTest_Two -->
    </test> <!-- Default test -->
  </suite> <!-- Default suite -->
</testng-results>
